<?xml version="1.0" encoding="UTF-8"?>
<testsuite name="hello.servlet.domain.member.MemberRepositoryTest" tests="1" skipped="0" failures="0" errors="0" timestamp="2021-08-02T03:45:32" hostname="Hansolui-MacBookPro.local" time="0.018">
  <properties/>
  <testcase name="findId()" classname="hello.servlet.domain.member.MemberRepositoryTest" time="0.018"/>
  <system-out><![CDATA[result1 = null
]]></system-out>
  <system-err><![CDATA[]]></system-err>
</testsuite>
